<?xml version="1.0" encoding="UTF-8"?>
<testng-results skipped="0" failed="0" ignored="0" total="2" passed="2">
  <reporter-output>
  </reporter-output>
  <suite name="com.executionEngine.DriverScriptTest" duration-ms="49788" started-at="2018-07-26T07:15:15Z" finished-at="2018-07-26T07:16:05Z">
    <groups>
    </groups>
    <test name="Command line test" duration-ms="49788" started-at="2018-07-26T07:15:15Z" finished-at="2018-07-26T07:16:05Z">
      <class name="com.executionEngine.DriverScriptTest">
        <test-method status="PASS" signature="Initialize()[pri:0, instance:com.executionEngine.DriverScriptTest@6ebc05a6]" name="Initialize" duration-ms="39707" started-at="2018-07-26T07:15:15Z" finished-at="2018-07-26T07:15:55Z">
          <reporter-output>
          </reporter-output>
        </test-method> <!-- Initialize -->
        <test-method status="PASS" signature="execute_Actions()[pri:0, instance:com.executionEngine.DriverScriptTest@6ebc05a6]" name="execute_Actions" duration-ms="10056" started-at="2018-07-26T07:15:55Z" finished-at="2018-07-26T07:16:05Z">
          <reporter-output>
          </reporter-output>
        </test-method> <!-- execute_Actions -->
      </class> <!-- com.executionEngine.DriverScriptTest -->
    </test> <!-- Command line test -->
  </suite> <!-- com.executionEngine.DriverScriptTest -->
</testng-results>
